2020-12-14 17:48:56,716 INFO 10660 [Timer] F:\newworkspace\image-asst\node_modules\egg-multipart\app\schedule\clean_tmpdir.js next time will execute after 38463287ms at 2020-12-15 04:30:00.003
2020-12-14 17:48:56,716 INFO 10660 [Timer] F:\newworkspace\image-asst\node_modules\egg-logrotator\app\schedule\clean_log.js next time will execute after 22263284ms at 2020-12-15 00:00:00.000
2020-12-14 17:48:56,716 INFO 10660 [Timer] F:\newworkspace\image-asst\node_modules\egg-logrotator\app\schedule\rotate_by_file.js next time will execute after 22264284ms at 2020-12-15 00:00:01.000
2020-12-14 17:48:56,557 INFO 38356 [egg-schedule]: register schedule F:\newworkspace\image-asst\node_modules\egg-multipart\app\schedule\clean_tmpdir.js
2020-12-14 17:48:56,557 INFO 38356 [egg-schedule]: register schedule F:\newworkspace\image-asst\node_modules\egg-logrotator\app\schedule\clean_log.js
2020-12-14 17:48:56,557 INFO 38356 [egg-schedule]: register schedule F:\newworkspace\image-asst\node_modules\egg-logrotator\app\schedule\rotate_by_file.js
2020-12-14 17:51:48,978 INFO 38992 [egg-schedule]: register schedule F:\newworkspace\image-asst\node_modules\egg-multipart\app\schedule\clean_tmpdir.js
2020-12-14 17:51:48,978 INFO 38992 [egg-schedule]: register schedule F:\newworkspace\image-asst\node_modules\egg-logrotator\app\schedule\clean_log.js
2020-12-14 17:51:48,978 INFO 38992 [egg-schedule]: register schedule F:\newworkspace\image-asst\node_modules\egg-logrotator\app\schedule\rotate_by_file.js
2020-12-14 17:52:00,003 INFO 45028 [Timer] F:\newworkspace\image-asst\node_modules\egg-multipart\app\schedule\clean_tmpdir.js next time will execute after 38280000ms at 2020-12-15 04:30:00.003
2020-12-14 17:52:00,003 INFO 45028 [Timer] F:\newworkspace\image-asst\node_modules\egg-logrotator\app\schedule\clean_log.js next time will execute after 22079997ms at 2020-12-15 00:00:00.000
2020-12-14 17:52:00,003 INFO 45028 [Timer] F:\newworkspace\image-asst\node_modules\egg-logrotator\app\schedule\rotate_by_file.js next time will execute after 22080997ms at 2020-12-15 00:00:01.000
2020-12-14 17:51:59,836 INFO 43388 [egg-schedule]: register schedule F:\newworkspace\image-asst\node_modules\egg-multipart\app\schedule\clean_tmpdir.js
2020-12-14 17:51:59,836 INFO 43388 [egg-schedule]: register schedule F:\newworkspace\image-asst\node_modules\egg-logrotator\app\schedule\clean_log.js
2020-12-14 17:51:59,836 INFO 43388 [egg-schedule]: register schedule F:\newworkspace\image-asst\node_modules\egg-logrotator\app\schedule\rotate_by_file.js
2020-12-14 17:52:17,711 INFO 44480 [egg-schedule]: register schedule F:\newworkspace\image-asst\node_modules\egg-multipart\app\schedule\clean_tmpdir.js
2020-12-14 17:52:17,711 INFO 44480 [egg-schedule]: register schedule F:\newworkspace\image-asst\node_modules\egg-logrotator\app\schedule\clean_log.js
2020-12-14 17:52:17,711 INFO 44480 [egg-schedule]: register schedule F:\newworkspace\image-asst\node_modules\egg-logrotator\app\schedule\rotate_by_file.js
2020-12-14 17:52:42,480 INFO 44276 [egg-schedule]: register schedule F:\newworkspace\image-asst\node_modules\egg-multipart\app\schedule\clean_tmpdir.js
2020-12-14 17:52:42,480 INFO 44276 [egg-schedule]: register schedule F:\newworkspace\image-asst\node_modules\egg-logrotator\app\schedule\clean_log.js
2020-12-14 17:52:42,480 INFO 44276 [egg-schedule]: register schedule F:\newworkspace\image-asst\node_modules\egg-logrotator\app\schedule\rotate_by_file.js
